-------------------------------------------------------------------------------
Test set: org.example.evaluations.controllers.OrderControllerMvcTests
-------------------------------------------------------------------------------
Tests run: 2, Failures: 2, Errors: 0, Skipped: 0, Time elapsed: 1.573 s <<< FAILURE! -- in org.example.evaluations.controllers.OrderControllerMvcTests
org.example.evaluations.controllers.OrderControllerMvcTests.testGetOrders -- Time elapsed: 0.053 s <<< FAILURE!
java.lang.AssertionError: Status expected:<200> but was:<404>
	at org.springframework.test.util.AssertionErrors.fail(AssertionErrors.java:59)
	at org.springframework.test.util.AssertionErrors.assertEquals(AssertionErrors.java:122)
	at org.springframework.test.web.servlet.result.StatusResultMatchers.lambda$matcher$9(StatusResultMatchers.java:637)
	at org.springframework.test.web.servlet.MockMvc$1.andExpect(MockMvc.java:214)
	at org.example.evaluations.controllers.OrderControllerMvcTests.testGetOrders(OrderControllerMvcTests.java:61)
	at java.base/java.lang.reflect.Method.invoke(Method.java:580)
	at java.base/java.util.ArrayList.forEach(ArrayList.java:1597)
	at java.base/java.util.ArrayList.forEach(ArrayList.java:1597)

org.example.evaluations.controllers.OrderControllerMvcTests.testGetOrderByIdWithExistingOrder -- Time elapsed: 0.007 s <<< FAILURE!
java.lang.AssertionError: Status expected:<200> but was:<404>
	at org.springframework.test.util.AssertionErrors.fail(AssertionErrors.java:59)
	at org.springframework.test.util.AssertionErrors.assertEquals(AssertionErrors.java:122)
	at org.springframework.test.web.servlet.result.StatusResultMatchers.lambda$matcher$9(StatusResultMatchers.java:637)
	at org.springframework.test.web.servlet.MockMvc$1.andExpect(MockMvc.java:214)
	at org.example.evaluations.controllers.OrderControllerMvcTests.testGetOrderByIdWithExistingOrder(OrderControllerMvcTests.java:41)
	at java.base/java.lang.reflect.Method.invoke(Method.java:580)
	at java.base/java.util.ArrayList.forEach(ArrayList.java:1597)
	at java.base/java.util.ArrayList.forEach(ArrayList.java:1597)

